<?xml version="1.0" encoding="UTF-8"?>
<!-- Generated by org.testng.reporters.JUnitReportReporter -->
<testsuite skipped="0" hostname="KRamya" name="com.testcases.testcase" tests="1" failures="0" timestamp="16 Apr 2020 11:29:41 GMT" time="27.448" errors="0">
  <testcase name="Search_Contact" time="27.448" classname="com.testcases.testcase"/>
</testsuite> <!-- com.testcases.testcase -->
